[36mINFO[0m[2025-01-26 12:04:22]D:/KRISHNA/clg-mobile/app/middleware/logger.go:29 main.main.LogMiddleware.func1() Request received                              [36mmethod[0m=GET [36mpath[0m=/api/players [36mtimestamp[0m="2025-01-26 12:04:22"
[36mINFO[0m[2025-01-26 12:20:23]D:/KRISHNA/clg-mobile/app/middleware/logger.go:29 main.main.LogMiddleware.func1() Request received                              [36mmethod[0m=GET [36mpath[0m=/api/players [36mtimestamp[0m="2025-01-26 12:20:23"
[36mINFO[0m[2025-01-26 12:20:26]D:/KRISHNA/clg-mobile/app/middleware/logger.go:29 main.main.LogMiddleware.func1() Request received                              [36mmethod[0m=GET [36mpath[0m=/api/players [36mtimestamp[0m="2025-01-26 12:20:26"
[36mINFO[0m[2025-01-26 12:20:27]D:/KRISHNA/clg-mobile/app/middleware/logger.go:29 main.main.LogMiddleware.func1() Request received                              [36mmethod[0m=GET [36mpath[0m=/api/players [36mtimestamp[0m="2025-01-26 12:20:27"
[36mINFO[0m[2025-01-26 12:56:57]D:/KRISHNA/clg-mobile/app/middleware/logger.go:29 main.main.LogMiddleware.func1() Request received                              [36mmethod[0m=GET [36mpath[0m=/api/players [36mtimestamp[0m="2025-01-26 12:56:57"
[36mINFO[0m[2025-01-26 12:57:00]D:/KRISHNA/clg-mobile/app/middleware/logger.go:29 main.main.LogMiddleware.func1() Request received                              [36mmethod[0m=GET [36mpath[0m=/api/players [36mtimestamp[0m="2025-01-26 12:57:00"
[36mINFO[0m[2025-01-26 12:57:01]D:/KRISHNA/clg-mobile/app/middleware/logger.go:29 main.main.LogMiddleware.func1() Request received                              [36mmethod[0m=GET [36mpath[0m=/api/players [36mtimestamp[0m="2025-01-26 12:57:01"
[36mINFO[0m[2025-01-26 12:57:02]D:/KRISHNA/clg-mobile/app/middleware/logger.go:29 main.main.LogMiddleware.func1() Request received                              [36mmethod[0m=GET [36mpath[0m=/api/players [36mtimestamp[0m="2025-01-26 12:57:02"
[36mINFO[0m[2025-01-26 12:57:03]D:/KRISHNA/clg-mobile/app/middleware/logger.go:29 main.main.LogMiddleware.func1() Request received                              [36mmethod[0m=GET [36mpath[0m=/api/players [36mtimestamp[0m="2025-01-26 12:57:03"
[36mINFO[0m[2025-01-26 12:57:04]D:/KRISHNA/clg-mobile/app/middleware/logger.go:29 main.main.LogMiddleware.func1() Request received                              [36mmethod[0m=GET [36mpath[0m=/api/players [36mtimestamp[0m="2025-01-26 12:57:04"
[36mINFO[0m[2025-01-26 13:01:09]D:/KRISHNA/clg-mobile/app/middleware/logger.go:29 main.main.LogMiddleware.func1() Request received                              [36mmethod[0m=GET [36mpath[0m=/api/players [36mtimestamp[0m="2025-01-26 13:01:09"
[36mINFO[0m[2025-01-26 13:01:10]D:/KRISHNA/clg-mobile/app/middleware/logger.go:29 main.main.LogMiddleware.func1() Request received                              [36mmethod[0m=GET [36mpath[0m=/api/players [36mtimestamp[0m="2025-01-26 13:01:10"
[36mINFO[0m[2025-01-26 13:01:12]D:/KRISHNA/clg-mobile/app/middleware/logger.go:29 main.main.LogMiddleware.func1() Request received                              [36mmethod[0m=GET [36mpath[0m=/api/players [36mtimestamp[0m="2025-01-26 13:01:12"
[36mINFO[0m[2025-01-26 13:01:13]D:/KRISHNA/clg-mobile/app/middleware/logger.go:29 main.main.LogMiddleware.func1() Request received                              [36mmethod[0m=GET [36mpath[0m=/api/players [36mtimestamp[0m="2025-01-26 13:01:13"
[36mINFO[0m[2025-01-26 13:01:14]D:/KRISHNA/clg-mobile/app/middleware/logger.go:29 main.main.LogMiddleware.func1() Request received                              [36mmethod[0m=GET [36mpath[0m=/api/players [36mtimestamp[0m="2025-01-26 13:01:14"
[36mINFO[0m[2025-01-26 13:01:15]D:/KRISHNA/clg-mobile/app/middleware/logger.go:29 main.main.LogMiddleware.func1() Request received                              [36mmethod[0m=GET [36mpath[0m=/api/players [36mtimestamp[0m="2025-01-26 13:01:15"
[36mINFO[0m[2025-01-26 13:01:16]D:/KRISHNA/clg-mobile/app/middleware/logger.go:29 main.main.LogMiddleware.func1() Request received                              [36mmethod[0m=GET [36mpath[0m=/api/players [36mtimestamp[0m="2025-01-26 13:01:16"
[36mINFO[0m[2025-01-26 13:28:12]D:/KRISHNA/clg-mobile/app/middleware/logger.go:29 main.main.LogMiddleware.func1() Request received                              [36mmethod[0m=GET [36mpath[0m=/api/players [36mtimestamp[0m="2025-01-26 13:28:12"
[36mINFO[0m[2025-01-26 13:28:16]D:/KRISHNA/clg-mobile/app/middleware/logger.go:29 main.main.LogMiddleware.func1() Request received                              [36mmethod[0m=GET [36mpath[0m=/api/players [36mtimestamp[0m="2025-01-26 13:28:16"
[36mINFO[0m[2025-01-26 13:28:56]D:/KRISHNA/clg-mobile/app/middleware/logger.go:29 main.main.LogMiddleware.func1() Request received                              [36mmethod[0m=GET [36mpath[0m=/api/players [36mtimestamp[0m="2025-01-26 13:28:56"
[36mINFO[0m[2025-01-26 13:28:57]D:/KRISHNA/clg-mobile/app/middleware/logger.go:29 main.main.LogMiddleware.func1() Request received                              [36mmethod[0m=GET [36mpath[0m=/api/players [36mtimestamp[0m="2025-01-26 13:28:57"
[36mINFO[0m[2025-01-26 13:32:41]D:/KRISHNA/clg-mobile/app/middleware/logger.go:29 main.main.LogMiddleware.func1() Request received                              [36mmethod[0m=GET [36mpath[0m=/api/players [36mtimestamp[0m="2025-01-26 13:32:41"
[36mINFO[0m[2025-01-26 13:33:34]D:/KRISHNA/clg-mobile/app/middleware/logger.go:29 main.main.LogMiddleware.func1() Request received                              [36mmethod[0m=GET [36mpath[0m=/api/players [36mtimestamp[0m="2025-01-26 13:33:34"
[36mINFO[0m[2025-01-26 13:33:53]D:/KRISHNA/clg-mobile/app/middleware/logger.go:29 main.main.LogMiddleware.func1() Request received                              [36mmethod[0m=GET [36mpath[0m=/api/players [36mtimestamp[0m="2025-01-26 13:33:53"
[36mINFO[0m[2025-01-26 13:37:33]D:/KRISHNA/clg-mobile/app/middleware/logger.go:29 main.main.LogMiddleware.func1() Request received                              [36mmethod[0m=GET [36mpath[0m=/api/players [36mtimestamp[0m="2025-01-26 13:37:33"
[36mINFO[0m[2025-01-26 14:48:34]D:/KRISHNA/clg-mobile/app/middleware/logger.go:29 main.main.LogMiddleware.func1() Request received                              [36mmethod[0m=GET [36mpath[0m=/api/players [36mtimestamp[0m="2025-01-26 14:48:34"
[36mINFO[0m[2025-01-26 14:48:35]D:/KRISHNA/clg-mobile/app/middleware/logger.go:29 main.main.LogMiddleware.func1() Request received                              [36mmethod[0m=GET [36mpath[0m=/api/players [36mtimestamp[0m="2025-01-26 14:48:35"
[36mINFO[0m[2025-01-26 15:09:23]D:/KRISHNA/clg-mobile/app/middleware/logger.go:29 main.main.LogMiddleware.func1() Request received                              [36mmethod[0m=GET [36mpath[0m=/api/players [36mtimestamp[0m="2025-01-26 15:09:23"
[36mINFO[0m[2025-01-26 19:29:01]D:/KRISHNA/clg-mobile/app/middleware/logger.go:29 main.main.LogMiddleware.func1() Request received                              [36mmethod[0m=GET [36mpath[0m=/api/players [36mtimestamp[0m="2025-01-26 19:29:01"
[36mINFO[0m[2025-01-26 19:29:06]D:/KRISHNA/clg-mobile/app/middleware/logger.go:29 main.main.LogMiddleware.func1() Request received                              [36mmethod[0m=GET [36mpath[0m=/api/players [36mtimestamp[0m="2025-01-26 19:29:06"
[36mINFO[0m[2025-01-26 19:29:07]D:/KRISHNA/clg-mobile/app/middleware/logger.go:29 main.main.LogMiddleware.func1() Request received                              [36mmethod[0m=GET [36mpath[0m=/api/players [36mtimestamp[0m="2025-01-26 19:29:07"
[36mINFO[0m[2025-01-26 19:29:08]D:/KRISHNA/clg-mobile/app/middleware/logger.go:29 main.main.LogMiddleware.func1() Request received                              [36mmethod[0m=GET [36mpath[0m=/api/players [36mtimestamp[0m="2025-01-26 19:29:08"
[36mINFO[0m[2025-01-26 19:29:28]D:/KRISHNA/clg-mobile/app/middleware/logger.go:29 main.main.LogMiddleware.func1() Request received                              [36mmethod[0m=GET [36mpath[0m=/api/players [36mtimestamp[0m="2025-01-26 19:29:28"
[36mINFO[0m[2025-01-26 19:59:41]D:/KRISHNA/clg-mobile/app/middleware/logger.go:29 main.main.LogMiddleware.func1() Request received                              [36mmethod[0m=GET [36mpath[0m=/api/players [36mtimestamp[0m="2025-01-26 19:59:41"
[36mINFO[0m[2025-01-26 20:00:08]D:/KRISHNA/clg-mobile/app/middleware/logger.go:29 main.main.LogMiddleware.func1() Request received                              [36mmethod[0m=GET [36mpath[0m=/api/players [36mtimestamp[0m="2025-01-26 20:00:08"
[36mINFO[0m[2025-01-26 20:00:09]D:/KRISHNA/clg-mobile/app/middleware/logger.go:29 main.main.LogMiddleware.func1() Request received                              [36mmethod[0m=GET [36mpath[0m=/api/players [36mtimestamp[0m="2025-01-26 20:00:09"
[36mINFO[0m[2025-01-26 20:00:11]D:/KRISHNA/clg-mobile/app/middleware/logger.go:29 main.main.LogMiddleware.func1() Request received                              [36mmethod[0m=GET [36mpath[0m=/api/players [36mtimestamp[0m="2025-01-26 20:00:11"
[36mINFO[0m[2025-01-26 20:04:48]D:/KRISHNA/clg-mobile/app/middleware/logger.go:29 main.main.LogMiddleware.func1() Request received                              [36mmethod[0m=GET [36mpath[0m=/api/players [36mtimestamp[0m="2025-01-26 20:04:48"
[36mINFO[0m[2025-01-26 20:05:05]D:/KRISHNA/clg-mobile/app/middleware/logger.go:29 main.main.LogMiddleware.func1() Request received                              [36mmethod[0m=GET [36mpath[0m=/api/players [36mtimestamp[0m="2025-01-26 20:05:05"
[36mINFO[0m[2025-01-26 20:05:31]D:/KRISHNA/clg-mobile/app/middleware/logger.go:29 main.main.LogMiddleware.func1() Request received                              [36mmethod[0m=GET [36mpath[0m=/api/players [36mtimestamp[0m="2025-01-26 20:05:31"
[36mINFO[0m[2025-01-26 20:38:27]D:/KRISHNA/clg-mobile/app/middleware/logger.go:29 main.main.LogMiddleware.func1() Request received                              [36mmethod[0m=GET [36mpath[0m=/api/players [36mtimestamp[0m="2025-01-26 20:38:27"
[36mINFO[0m[2025-01-26 20:38:40]D:/KRISHNA/clg-mobile/app/middleware/logger.go:29 main.main.LogMiddleware.func1() Request received                              [36mmethod[0m=GET [36mpath[0m=/api/players/search [36mtimestamp[0m="2025-01-26 20:38:40"
[36mINFO[0m[2025-01-26 20:50:49]D:/KRISHNA/clg-mobile/app/middleware/logger.go:29 main.main.LogMiddleware.func1() Request received                              [36mmethod[0m=GET [36mpath[0m=/api/players/search [36mtimestamp[0m="2025-01-26 20:50:49"
[36mINFO[0m[2025-01-26 20:57:32]D:/KRISHNA/clg-mobile/app/middleware/logger.go:29 main.main.LogMiddleware.func1() Request received                              [36mmethod[0m=GET [36mpath[0m=/api/players/search [36mtimestamp[0m="2025-01-26 20:57:32"
[36mINFO[0m[2025-01-26 20:57:43]D:/KRISHNA/clg-mobile/app/middleware/logger.go:29 main.main.LogMiddleware.func1() Request received                              [36mmethod[0m=GET [36mpath[0m=/api/players/search [36mtimestamp[0m="2025-01-26 20:57:43"
[36mINFO[0m[2025-01-28 12:33:53]D:/KRISHNA/clg-mobile/app/middleware/logger.go:29 main.main.LogMiddleware.func1() Request received                              [36mmethod[0m=GET [36mpath[0m=/api/players [36mtimestamp[0m="2025-01-28 12:33:53"
[36mINFO[0m[2025-01-28 12:33:58]D:/KRISHNA/clg-mobile/app/middleware/logger.go:29 main.main.LogMiddleware.func1() Request received                              [36mmethod[0m=GET [36mpath[0m=/api/players [36mtimestamp[0m="2025-01-28 12:33:58"
[36mINFO[0m[2025-01-28 12:34:19]D:/KRISHNA/clg-mobile/app/middleware/logger.go:29 main.main.LogMiddleware.func1() Request received                              [36mmethod[0m=GET [36mpath[0m=/api/players [36mtimestamp[0m="2025-01-28 12:34:19"
[36mINFO[0m[2025-01-28 12:34:23]D:/KRISHNA/clg-mobile/app/middleware/logger.go:29 main.main.LogMiddleware.func1() Request received                              [36mmethod[0m=GET [36mpath[0m=/api/players [36mtimestamp[0m="2025-01-28 12:34:23"
[36mINFO[0m[2025-01-28 12:34:32]D:/KRISHNA/clg-mobile/app/middleware/logger.go:29 main.main.LogMiddleware.func1() Request received                              [36mmethod[0m=GET [36mpath[0m=/api/players/search [36mtimestamp[0m="2025-01-28 12:34:32"
[36mINFO[0m[2025-01-28 12:39:05]D:/KRISHNA/clg-mobile/app/middleware/logger.go:29 main.main.LogMiddleware.func1() Request received                              [36mmethod[0m=GET [36mpath[0m=/api/players [36mtimestamp[0m="2025-01-28 12:39:05"
[36mINFO[0m[2025-01-28 20:39:30]D:/KRISHNA/clg-mobile/app/middleware/logger.go:29 main.main.LogMiddleware.func1() Request received                              [36mmethod[0m=GET [36mpath[0m=/api/players/search [36mtimestamp[0m="2025-01-28 20:39:30"
[36mINFO[0m[2025-01-28 20:39:48]D:/KRISHNA/clg-mobile/app/middleware/logger.go:29 main.main.LogMiddleware.func1() Request received                              [36mmethod[0m=GET [36mpath[0m=/api/players/ [36mtimestamp[0m="2025-01-28 20:39:48"
[36mINFO[0m[2025-01-28 20:40:23]D:/KRISHNA/clg-mobile/app/middleware/logger.go:29 main.main.LogMiddleware.func1() Request received                              [36mmethod[0m=GET [36mpath[0m=/api/players/search [36mtimestamp[0m="2025-01-28 20:40:23"
[36mINFO[0m[2025-01-28 20:40:39]D:/KRISHNA/clg-mobile/app/middleware/logger.go:29 main.main.LogMiddleware.func1() Request received                              [36mmethod[0m=GET [36mpath[0m=/api/players/search [36mtimestamp[0m="2025-01-28 20:40:39"
[36mINFO[0m[2025-01-28 20:41:04]D:/KRISHNA/clg-mobile/app/middleware/logger.go:29 main.main.LogMiddleware.func1() Request received                              [36mmethod[0m=GET [36mpath[0m=/api/players [36mtimestamp[0m="2025-01-28 20:41:04"
[36mINFO[0m[2025-01-28 20:41:18]D:/KRISHNA/clg-mobile/app/middleware/logger.go:29 main.main.LogMiddleware.func1() Request received                              [36mmethod[0m=GET [36mpath[0m=/api/players/search [36mtimestamp[0m="2025-01-28 20:41:18"
[36mINFO[0m[2025-01-28 20:42:53]D:/KRISHNA/clg-mobile/app/middleware/logger.go:29 main.main.LogMiddleware.func1() Request received                              [36mmethod[0m=GET [36mpath[0m=/api/news [36mtimestamp[0m="2025-01-28 20:42:53"
[36mINFO[0m[2025-01-28 20:42:59]D:/KRISHNA/clg-mobile/app/middleware/logger.go:29 main.main.LogMiddleware.func1() Request received                              [36mmethod[0m=GET [36mpath[0m=/api/news/ [36mtimestamp[0m="2025-01-28 20:42:59"
[36mINFO[0m[2025-01-28 20:43:41]D:/KRISHNA/clg-mobile/app/middleware/logger.go:29 main.main.LogMiddleware.func1() Request received                              [36mmethod[0m=GET [36mpath[0m=/api/news/ [36mtimestamp[0m="2025-01-28 20:43:41"
[36mINFO[0m[2025-01-28 20:47:44]D:/KRISHNA/clg-mobile/app/middleware/logger.go:29 main.main.LogMiddleware.func1() Request received                              [36mmethod[0m=POST [36mpath[0m=/api/news [36mtimestamp[0m="2025-01-28 20:47:44"
[36mINFO[0m[2025-01-28 20:48:24]D:/KRISHNA/clg-mobile/app/middleware/logger.go:29 main.main.LogMiddleware.func1() Request received                              [36mmethod[0m=GET [36mpath[0m=/api/news/ [36mtimestamp[0m="2025-01-28 20:48:24"
[36mINFO[0m[2025-01-28 21:30:33]D:/KRISHNA/clg-mobile/app/middleware/logger.go:29 main.main.LogMiddleware.func1() Request received                              [36mmethod[0m=GET [36mpath[0m=/api/news/ [36mtimestamp[0m="2025-01-28 21:30:33"
[36mINFO[0m[2025-01-28 21:35:57]D:/KRISHNA/clg-mobile/app/middleware/logger.go:29 main.main.LogMiddleware.func1() Request received                              [36mmethod[0m=POST [36mpath[0m=/api/news [36mtimestamp[0m="2025-01-28 21:35:57"
[36mINFO[0m[2025-01-28 21:36:27]D:/KRISHNA/clg-mobile/app/middleware/logger.go:29 main.main.LogMiddleware.func1() Request received                              [36mmethod[0m=GET [36mpath[0m=/api/news/ [36mtimestamp[0m="2025-01-28 21:36:27"
[36mINFO[0m[2025-01-28 21:36:50]D:/KRISHNA/clg-mobile/app/middleware/logger.go:29 main.main.LogMiddleware.func1() Request received                              [36mmethod[0m=PUT [36mpath[0m=/api/news [36mtimestamp[0m="2025-01-28 21:36:50"
[36mINFO[0m[2025-01-28 21:39:26]D:/KRISHNA/clg-mobile/app/middleware/logger.go:29 main.main.LogMiddleware.func1() Request received                              [36mmethod[0m=PUT [36mpath[0m=/api/news/67990065a795697f44bb8827 [36mtimestamp[0m="2025-01-28 21:39:26"
[36mINFO[0m[2025-01-28 21:39:42]D:/KRISHNA/clg-mobile/app/middleware/logger.go:29 main.main.LogMiddleware.func1() Request received                              [36mmethod[0m=GET [36mpath[0m=/api/news/ [36mtimestamp[0m="2025-01-28 21:39:42"
[36mINFO[0m[2025-01-28 21:39:45]D:/KRISHNA/clg-mobile/app/middleware/logger.go:29 main.main.LogMiddleware.func1() Request received                              [36mmethod[0m=GET [36mpath[0m=/api/news/ [36mtimestamp[0m="2025-01-28 21:39:45"
[36mINFO[0m[2025-01-28 21:40:10]D:/KRISHNA/clg-mobile/app/middleware/logger.go:29 main.main.LogMiddleware.func1() Request received                              [36mmethod[0m=GET [36mpath[0m=/api/news [36mtimestamp[0m="2025-01-28 21:40:10"
[36mINFO[0m[2025-01-28 21:40:50]D:/KRISHNA/clg-mobile/app/middleware/logger.go:29 main.main.LogMiddleware.func1() Request received                              [36mmethod[0m=GET [36mpath[0m=/api/news [36mtimestamp[0m="2025-01-28 21:40:50"
[36mINFO[0m[2025-01-28 21:40:52]D:/KRISHNA/clg-mobile/app/middleware/logger.go:29 main.main.LogMiddleware.func1() Request received                              [36mmethod[0m=GET [36mpath[0m=/api/news [36mtimestamp[0m="2025-01-28 21:40:52"
[36mINFO[0m[2025-01-28 21:43:20]D:/KRISHNA/clg-mobile/app/middleware/logger.go:29 main.main.LogMiddleware.func1() Request received                              [36mmethod[0m=GET [36mpath[0m=/api/news [36mtimestamp[0m="2025-01-28 21:43:20"
[36mINFO[0m[2025-01-28 21:48:17]D:/KRISHNA/clg-mobile/app/middleware/logger.go:29 main.main.LogMiddleware.func1() Request received                              [36mmethod[0m=GET [36mpath[0m=/api/news [36mtimestamp[0m="2025-01-28 21:48:17"
[36mINFO[0m[2025-01-28 21:50:06]D:/KRISHNA/clg-mobile/app/middleware/logger.go:29 main.main.LogMiddleware.func1() Request received                              [36mmethod[0m=GET [36mpath[0m=/api/news [36mtimestamp[0m="2025-01-28 21:50:06"
[36mINFO[0m[2025-01-28 22:51:23]D:/KRISHNA/clg-mobile/app/middleware/logger.go:29 main.main.LogMiddleware.func1() Request received                              [36mmethod[0m=GET [36mpath[0m=/api/news [36mtimestamp[0m="2025-01-28 22:51:23"
[36mINFO[0m[2025-01-28 22:58:15]D:/KRISHNA/clg-mobile/app/middleware/logger.go:29 main.main.LogMiddleware.func2() Request received                              [36mmethod[0m=POST [36mpath[0m=/api/news [36mtimestamp[0m="2025-01-28 22:58:15"
